<?xml version="1.0" encoding="UTF-8"?>
<!-- Generated by org.testng.reporters.JUnitReportReporter -->
<testsuite hostname="MAA-5CG9353VSB" failures="0" tests="5" name="HomepageTests" time="81.938" errors="0" timestamp="2021-12-24T12:23:22 IST" skipped="0">
  <testcase classname="HomepageTests" name="Homepagetest_AboutUs_CompanyPolicies" time="16.045"/>
  <system-out/>
  <testcase classname="HomepageTests" name="Homepagetest_AboutUs" time="14.712"/>
  <system-out/>
  <testcase classname="HomepageTests" name="clickonFirstBanner" time="11.107"/>
  <system-out/>
  <testcase classname="HomepageTests" name="Homepagetest_AboutUs_Directors" time="20.116"/>
  <system-out/>
  <testcase classname="HomepageTests" name="Homepagetest_AboutUs_OurStory" time="19.958"/>
  <system-out/>
</testsuite> <!-- HomepageTests -->
