<?xml version="1.0" encoding="UTF-8"?>
<!-- Generated by org.testng.reporters.JUnitReportReporter -->
<testsuite hostname="MAA-5CG9353VSB" failures="0" tests="1" name="RegistrationformTests" time="16.111" errors="0" timestamp="2021-12-27T08:31:45 IST" skipped="0">
  <testcase classname="RegistrationformTests" name="FullFormwithYes" time="16.111"/>
  <system-out/>
</testsuite> <!-- RegistrationformTests -->
