<?xml version="1.0" encoding="UTF-8"?>
<!-- Generated by org.testng.reporters.JUnitReportReporter -->
<testsuite hostname="MAA-5CG9353VSB" failures="0" tests="1" name="HomePage_Video_Tests" time="14.630" errors="0" timestamp="2021-12-24T11:44:43 IST" skipped="0">
  <testcase classname="HomePage_Video_Tests" name="Select_first_Image" time="14.630"/>
  <system-out/>
</testsuite> <!-- HomePage_Video_Tests -->
