<?xml version="1.0" encoding="UTF-8"?>
<!-- Generated by org.testng.reporters.JUnitReportReporter -->
<testsuite hostname="MAA-5CG9353VSB" failures="0" tests="1" name="HomePage_Banners_Tests" time="9.549" errors="0" timestamp="2021-12-07T20:09:23 IST" skipped="0">
  <testcase classname="HomePage_Banners_Tests" name="Select_first_Image" time="9.549"/>
  <system-out/>
</testsuite> <!-- HomePage_Banners_Tests -->
